# JRE version: OpenJDK Runtime Environment Temurin-17.0.16+8 (17.0.16+8) (build 17.0.16+8)
# Java VM: OpenJDK 64-Bit Server VM Temurin-17.0.16+8 (17.0.16+8, mixed mode, sharing, tiered, compressed oops, compressed class ptrs, parallel gc, windows-amd64)
GC Precious Log:
 CPUs: 3 total, 3 available
 Memory: 4095M
 Large Page Support: Disabled
 NUMA Support: Disabled
 Compressed Oops: Enabled (32-bit)
 Alignments: Space 512K, Generation 512K, Heap 2M
 Heap Min Capacity: 8M
 Heap Initial Capacity: 64M
 Heap Max Capacity: 512M
 Pre-touch: Disabled
 Parallel Workers: 3
Heap:
 PSYoungGen      total 36864K, used 14737K [0x00000000f5580000, 0x00000000f8300000, 0x0000000100000000)
  eden space 29184K, 32% used [0x00000000f5580000,0x00000000f5eba4a0,0x00000000f7200000)
  from space 7680K, 68% used [0x00000000f7b80000,0x00000000f80aa1a0,0x00000000f8300000)
  to   space 8704K, 0% used [0x00000000f7200000,0x00000000f7200000,0x00000000f7a80000)
 ParOldGen       total 44032K, used 22295K [0x00000000e0000000, 0x00000000e2b00000, 0x00000000f5580000)
  object space 44032K, 50% used [0x00000000e0000000,0x00000000e15c5e30,0x00000000e2b00000)
 Metaspace       used 30130K, committed 30592K, reserved 1114112K
  class space    used 4193K, committed 4416K, reserved 1048576K
GC Heap History (20 events):
Event: 2.653 GC heap before
{Heap before GC invocations=2 (full 0):
 PSYoungGen      total 18944K, used 17665K [0x00000000f5580000, 0x00000000f7a80000, 0x0000000100000000)
  eden space 16384K, 100% used [0x00000000f5580000,0x00000000f6580000,0x00000000f6580000)
  from space 2560K, 50% used [0x00000000f6580000,0x00000000f66c0470,0x00000000f6800000)
  to   space 2560K, 0% used [0x00000000f7800000,0x00000000f7800000,0x00000000f7a80000)
 ParOldGen       total 44032K, used 8K [0x00000000e0000000, 0x00000000e2b00000, 0x00000000f5580000)
  object space 44032K, 0% used [0x00000000e0000000,0x00000000e0002000,0x00000000e2b00000)
 Metaspace       used 1748K, committed 1856K, reserved 1114112K
  class space    used 160K, committed 192K, reserved 1048576K
}
Event: 2.661 GC heap after
{Heap after GC invocations=2 (full 0):
 PSYoungGen      total 35328K, used 2554K [0x00000000f5580000, 0x00000000f7a80000, 0x0000000100000000)
  eden space 32768K, 0% used [0x00000000f5580000,0x00000000f5580000,0x00000000f7580000)
  from space 2560K, 99% used [0x00000000f7800000,0x00000000f7a7e8d8,0x00000000f7a80000)
  to   space 2560K, 0% used [0x00000000f7580000,0x00000000f7580000,0x00000000f7800000)
 ParOldGen       total 44032K, used 6685K [0x00000000e0000000, 0x00000000e2b00000, 0x00000000f5580000)
  object space 44032K, 15% used [0x00000000e0000000,0x00000000e0687768,0x00000000e2b00000)
 Metaspace       used 1748K, committed 1856K, reserved 1114112K
  class space    used 160K, committed 192K, reserved 1048576K
}
Event: 4.995 GC heap before
{Heap before GC invocations=3 (full 0):
 PSYoungGen      total 35328K, used 35322K [0x00000000f5580000, 0x00000000f7a80000, 0x0000000100000000)
  eden space 32768K, 100% used [0x00000000f5580000,0x00000000f7580000,0x00000000f7580000)
  from space 2560K, 99% used [0x00000000f7800000,0x00000000f7a7e8d8,0x00000000f7a80000)
  to   space 2560K, 0% used [0x00000000f7580000,0x00000000f7580000,0x00000000f7800000)
 ParOldGen       total 44032K, used 6685K [0x00000000e0000000, 0x00000000e2b00000, 0x00000000f5580000)
  object space 44032K, 15% used [0x00000000e0000000,0x00000000e0687768,0x00000000e2b00000)
 Metaspace       used 4401K, committed 4544K, reserved 1114112K
  class space    used 545K, committed 640K, reserved 1048576K
}
Event: 5.003 GC heap after
{Heap after GC invocations=3 (full 0):
 PSYoungGen      total 35328K, used 2547K [0x00000000f5580000, 0x00000000f7a80000, 0x0000000100000000)
  eden space 32768K, 0% used [0x00000000f5580000,0x00000000f5580000,0x00000000f7580000)
  from space 2560K, 99% used [0x00000000f7580000,0x00000000f77fcd78,0x00000000f7800000)
  to   space 2560K, 0% used [0x00000000f7800000,0x00000000f7800000,0x00000000f7a80000)
 ParOldGen       total 44032K, used 8087K [0x00000000e0000000, 0x00000000e2b00000, 0x00000000f5580000)
  object space 44032K, 18% used [0x00000000e0000000,0x00000000e07e5df0,0x00000000e2b00000)
 Metaspace       used 4401K, committed 4544K, reserved 1114112K
  class space    used 545K, committed 640K, reserved 1048576K
}
Event: 6.506 GC heap before
{Heap before GC invocations=4 (full 0):
 PSYoungGen      total 35328K, used 35315K [0x00000000f5580000, 0x00000000f7a80000, 0x0000000100000000)
  eden space 32768K, 100% used [0x00000000f5580000,0x00000000f7580000,0x00000000f7580000)
  from space 2560K, 99% used [0x00000000f7580000,0x00000000f77fcd78,0x00000000f7800000)
  to   space 2560K, 0% used [0x00000000f7800000,0x00000000f7800000,0x00000000f7a80000)
 ParOldGen       total 44032K, used 8087K [0x00000000e0000000, 0x00000000e2b00000, 0x00000000f5580000)
  object space 44032K, 18% used [0x00000000e0000000,0x00000000e07e5df0,0x00000000e2b00000)
 Metaspace       used 4471K, committed 4608K, reserved 1114112K
  class space    used 546K, committed 640K, reserved 1048576K
}
Event: 6.514 GC heap after
{Heap after GC invocations=4 (full 0):
 PSYoungGen      total 35328K, used 2529K [0x00000000f5580000, 0x00000000f7a80000, 0x0000000100000000)
  eden space 32768K, 0% used [0x00000000f5580000,0x00000000f5580000,0x00000000f7580000)
  from space 2560K, 98% used [0x00000000f7800000,0x00000000f7a78490,0x00000000f7a80000)
  to   space 2560K, 0% used [0x00000000f7580000,0x00000000f7580000,0x00000000f7800000)
 ParOldGen       total 44032K, used 12501K [0x00000000e0000000, 0x00000000e2b00000, 0x00000000f5580000)
  object space 44032K, 28% used [0x00000000e0000000,0x00000000e0c35458,0x00000000e2b00000)
 Metaspace       used 4471K, committed 4608K, reserved 1114112K
  class space    used 546K, committed 640K, reserved 1048576K
}
Event: 10.990 GC heap before
{Heap before GC invocations=5 (full 0):
 PSYoungGen      total 35328K, used 35297K [0x00000000f5580000, 0x00000000f7a80000, 0x0000000100000000)
  eden space 32768K, 100% used [0x00000000f5580000,0x00000000f7580000,0x00000000f7580000)
  from space 2560K, 98% used [0x00000000f7800000,0x00000000f7a78490,0x00000000f7a80000)
  to   space 2560K, 0% used [0x00000000f7580000,0x00000000f7580000,0x00000000f7800000)
 ParOldGen       total 44032K, used 12501K [0x00000000e0000000, 0x00000000e2b00000, 0x00000000f5580000)
  object space 44032K, 28% used [0x00000000e0000000,0x00000000e0c35458,0x00000000e2b00000)
 Metaspace       used 10225K, committed 10432K, reserved 1114112K
  class space    used 1370K, committed 1472K, reserved 1048576K
}
Event: 11.000 GC heap after
{Heap after GC invocations=5 (full 0):
 PSYoungGen      total 34304K, used 2549K [0x00000000f5580000, 0x00000000f8880000, 0x0000000100000000)
  eden space 31744K, 0% used [0x00000000f5580000,0x00000000f5580000,0x00000000f7480000)
  from space 2560K, 99% used [0x00000000f7580000,0x00000000f77fd7c0,0x00000000f7800000)
  to   space 10240K, 0% used [0x00000000f7e80000,0x00000000f7e80000,0x00000000f8880000)
 ParOldGen       total 44032K, used 16064K [0x00000000e0000000, 0x00000000e2b00000, 0x00000000f5580000)
  object space 44032K, 36% used [0x00000000e0000000,0x00000000e0fb0140,0x00000000e2b00000)
 Metaspace       used 10225K, committed 10432K, reserved 1114112K
  class space    used 1370K, committed 1472K, reserved 1048576K
}
Event: 14.387 GC heap before
{Heap before GC invocations=6 (full 0):
 PSYoungGen      total 34304K, used 34293K [0x00000000f5580000, 0x00000000f8880000, 0x0000000100000000)
  eden space 31744K, 100% used [0x00000000f5580000,0x00000000f7480000,0x00000000f7480000)
  from space 2560K, 99% used [0x00000000f7580000,0x00000000f77fd7c0,0x00000000f7800000)
  to   space 10240K, 0% used [0x00000000f7e80000,0x00000000f7e80000,0x00000000f8880000)
 ParOldGen       total 44032K, used 16064K [0x00000000e0000000, 0x00000000e2b00000, 0x00000000f5580000)
  object space 44032K, 36% used [0x00000000e0000000,0x00000000e0fb0140,0x00000000e2b00000)
 Metaspace       used 15365K, committed 15616K, reserved 1114112K
  class space    used 2126K, committed 2240K, reserved 1048576K
}
Event: 14.415 GC heap after
{Heap after GC invocations=6 (full 0):
 PSYoungGen      total 38912K, used 4072K [0x00000000f5580000, 0x00000000f8680000, 0x0000000100000000)
  eden space 30720K, 0% used [0x00000000f5580000,0x00000000f5580000,0x00000000f7380000)
  from space 8192K, 49% used [0x00000000f7e80000,0x00000000f827a190,0x00000000f8680000)
  to   space 9728K, 0% used [0x00000000f7380000,0x00000000f7380000,0x00000000f7d00000)
 ParOldGen       total 44032K, used 16072K [0x00000000e0000000, 0x00000000e2b00000, 0x00000000f5580000)
  object space 44032K, 36% used [0x00000000e0000000,0x00000000e0fb2140,0x00000000e2b00000)
 Metaspace       used 15365K, committed 15616K, reserved 1114112K
  class space    used 2126K, committed 2240K, reserved 1048576K
}
Event: 18.365 GC heap before
{Heap before GC invocations=7 (full 0):
 PSYoungGen      total 38912K, used 34792K [0x00000000f5580000, 0x00000000f8680000, 0x0000000100000000)
  eden space 30720K, 100% used [0x00000000f5580000,0x00000000f7380000,0x00000000f7380000)
  from space 8192K, 49% used [0x00000000f7e80000,0x00000000f827a190,0x00000000f8680000)
  to   space 9728K, 0% used [0x00000000f7380000,0x00000000f7380000,0x00000000f7d00000)
 ParOldGen       total 44032K, used 16072K [0x00000000e0000000, 0x00000000e2b00000, 0x00000000f5580000)
  object space 44032K, 36% used [0x00000000e0000000,0x00000000e0fb2140,0x00000000e2b00000)
 Metaspace       used 18864K, committed 19072K, reserved 1114112K
  class space    used 2727K, committed 2816K, reserved 1048576K
}
Event: 18.377 GC heap after
{Heap after GC invocations=7 (full 0):
 PSYoungGen      total 35328K, used 4959K [0x00000000f5580000, 0x00000000f8500000, 0x0000000100000000)
  eden space 30208K, 0% used [0x00000000f5580000,0x00000000f5580000,0x00000000f7300000)
  from space 5120K, 96% used [0x00000000f7380000,0x00000000f7857c00,0x00000000f7880000)
  to   space 9216K, 0% used [0x00000000f7c00000,0x00000000f7c00000,0x00000000f8500000)
 ParOldGen       total 44032K, used 16992K [0x00000000e0000000, 0x00000000e2b00000, 0x00000000f5580000)
  object space 44032K, 38% used [0x00000000e0000000,0x00000000e1098278,0x00000000e2b00000)
 Metaspace       used 18864K, committed 19072K, reserved 1114112K
  class space    used 2727K, committed 2816K, reserved 1048576K
}
Event: 20.283 GC heap before
{Heap before GC invocations=8 (full 0):
 PSYoungGen      total 35328K, used 23919K [0x00000000f5580000, 0x00000000f8500000, 0x0000000100000000)
  eden space 30208K, 62% used [0x00000000f5580000,0x00000000f6804370,0x00000000f7300000)
  from space 5120K, 96% used [0x00000000f7380000,0x00000000f7857c00,0x00000000f7880000)
  to   space 9216K, 0% used [0x00000000f7c00000,0x00000000f7c00000,0x00000000f8500000)
 ParOldGen       total 44032K, used 16992K [0x00000000e0000000, 0x00000000e2b00000, 0x00000000f5580000)
  object space 44032K, 38% used [0x00000000e0000000,0x00000000e1098278,0x00000000e2b00000)
 Metaspace       used 21118K, committed 21504K, reserved 1114112K
  class space    used 3072K, committed 3264K, reserved 1048576K
}
Event: 20.291 GC heap after
{Heap after GC invocations=8 (full 0):
 PSYoungGen      total 38400K, used 4432K [0x00000000f5580000, 0x00000000f8400000, 0x0000000100000000)
  eden space 30208K, 0% used [0x00000000f5580000,0x00000000f5580000,0x00000000f7300000)
  from space 8192K, 54% used [0x00000000f7c00000,0x00000000f8054150,0x00000000f8400000)
  to   space 8704K, 0% used [0x00000000f7300000,0x00000000f7300000,0x00000000f7b80000)
 ParOldGen       total 44032K, used 18544K [0x00000000e0000000, 0x00000000e2b00000, 0x00000000f5580000)
  object space 44032K, 42% used [0x00000000e0000000,0x00000000e121c228,0x00000000e2b00000)
 Metaspace       used 21118K, committed 21504K, reserved 1114112K
  class space    used 3072K, committed 3264K, reserved 1048576K
}
Event: 20.291 GC heap before
{Heap before GC invocations=9 (full 1):
 PSYoungGen      total 38400K, used 4432K [0x00000000f5580000, 0x00000000f8400000, 0x0000000100000000)
  eden space 30208K, 0% used [0x00000000f5580000,0x00000000f5580000,0x00000000f7300000)
  from space 8192K, 54% used [0x00000000f7c00000,0x00000000f8054150,0x00000000f8400000)
  to   space 8704K, 0% used [0x00000000f7300000,0x00000000f7300000,0x00000000f7b80000)
 ParOldGen       total 44032K, used 18544K [0x00000000e0000000, 0x00000000e2b00000, 0x00000000f5580000)
  object space 44032K, 42% used [0x00000000e0000000,0x00000000e121c228,0x00000000e2b00000)
 Metaspace       used 21118K, committed 21504K, reserved 1114112K
  class space    used 3072K, committed 3264K, reserved 1048576K
}
Event: 20.367 GC heap after
{Heap after GC invocations=9 (full 1):
 PSYoungGen      total 38400K, used 0K [0x00000000f5580000, 0x00000000f8400000, 0x0000000100000000)
  eden space 30208K, 0% used [0x00000000f5580000,0x00000000f5580000,0x00000000f7300000)
  from space 8192K, 0% used [0x00000000f7c00000,0x00000000f7c00000,0x00000000f8400000)
  to   space 8704K, 0% used [0x00000000f7300000,0x00000000f7300000,0x00000000f7b80000)
 ParOldGen       total 44032K, used 22279K [0x00000000e0000000, 0x00000000e2b00000, 0x00000000f5580000)
  object space 44032K, 50% used [0x00000000e0000000,0x00000000e15c1e30,0x00000000e2b00000)
 Metaspace       used 21118K, committed 21504K, reserved 1114112K
  class space    used 3072K, committed 3264K, reserved 1048576K
}
Event: 23.358 GC heap before
{Heap before GC invocations=10 (full 1):
 PSYoungGen      total 38400K, used 30182K [0x00000000f5580000, 0x00000000f8400000, 0x0000000100000000)
  eden space 30208K, 99% used [0x00000000f5580000,0x00000000f72f9ab8,0x00000000f7300000)
  from space 8192K, 0% used [0x00000000f7c00000,0x00000000f7c00000,0x00000000f8400000)
  to   space 8704K, 0% used [0x00000000f7300000,0x00000000f7300000,0x00000000f7b80000)
 ParOldGen       total 44032K, used 22279K [0x00000000e0000000, 0x00000000e2b00000, 0x00000000f5580000)
  object space 44032K, 50% used [0x00000000e0000000,0x00000000e15c1e30,0x00000000e2b00000)
 Metaspace       used 25061K, committed 25472K, reserved 1114112K
  class space    used 3665K, committed 3840K, reserved 1048576K
}
Event: 23.362 GC heap after
{Heap after GC invocations=10 (full 1):
 PSYoungGen      total 38400K, used 1919K [0x00000000f5580000, 0x00000000f8480000, 0x0000000100000000)
  eden space 29696K, 0% used [0x00000000f5580000,0x00000000f5580000,0x00000000f7280000)
  from space 8704K, 22% used [0x00000000f7300000,0x00000000f74dfc10,0x00000000f7b80000)
  to   space 9216K, 0% used [0x00000000f7b80000,0x00000000f7b80000,0x00000000f8480000)
 ParOldGen       total 44032K, used 22287K [0x00000000e0000000, 0x00000000e2b00000, 0x00000000f5580000)
  object space 44032K, 50% used [0x00000000e0000000,0x00000000e15c3e30,0x00000000e2b00000)
 Metaspace       used 25061K, committed 25472K, reserved 1114112K
  class space    used 3665K, committed 3840K, reserved 1048576K
}
Event: 25.470 GC heap before
{Heap before GC invocations=11 (full 1):
 PSYoungGen      total 38400K, used 31615K [0x00000000f5580000, 0x00000000f8480000, 0x0000000100000000)
  eden space 29696K, 100% used [0x00000000f5580000,0x00000000f7280000,0x00000000f7280000)
  from space 8704K, 22% used [0x00000000f7300000,0x00000000f74dfc10,0x00000000f7b80000)
  to   space 9216K, 0% used [0x00000000f7b80000,0x00000000f7b80000,0x00000000f8480000)
 ParOldGen       total 44032K, used 22287K [0x00000000e0000000, 0x00000000e2b00000, 0x00000000f5580000)
  object space 44032K, 50% used [0x00000000e0000000,0x00000000e15c3e30,0x00000000e2b00000)
 Metaspace       used 29369K, committed 29824K, reserved 1114112K
  class space    used 4077K, committed 4288K, reserved 1048576K
}
Event: 25.477 GC heap after
{Heap after GC invocations=11 (full 1):
 PSYoungGen      total 36864K, used 5288K [0x00000000f5580000, 0x00000000f8300000, 0x0000000100000000)
  eden space 29184K, 0% used [0x00000000f5580000,0x00000000f5580000,0x00000000f7200000)
  from space 7680K, 68% used [0x00000000f7b80000,0x00000000f80aa1a0,0x00000000f8300000)
  to   space 8704K, 0% used [0x00000000f7200000,0x00000000f7200000,0x00000000f7a80000)
 ParOldGen       total 44032K, used 22295K [0x00000000e0000000, 0x00000000e2b00000, 0x00000000f5580000)
  object space 44032K, 50% used [0x00000000e0000000,0x00000000e15c5e30,0x00000000e2b00000)
 Metaspace       used 29369K, committed 29824K, reserved 1114112K
  class space    used 4077K, committed 4288K, reserved 1048576K
}

