# JRE version: OpenJDK Runtime Environment Temurin-17.0.16+8 (17.0.16+8) (build 17.0.16+8)
# Java VM: OpenJDK 64-Bit Server VM Temurin-17.0.16+8 (17.0.16+8, mixed mode, sharing, tiered, compressed oops, compressed class ptrs, g1 gc, windows-amd64)
GC Precious Log:
 CPUs: 3 total, 3 available
 Memory: 4095M
 Large Page Support: Disabled
 NUMA Support: Disabled
 Compressed Oops: Enabled (32-bit)
 Heap Region Size: 1M
 Heap Min Capacity: 8M
 Heap Initial Capacity: 64M
 Heap Max Capacity: 1G
 Pre-touch: Disabled
 Parallel Workers: 3
 Concurrent Workers: 1
 Concurrent Refinement Workers: 3
 Periodic GC: Disabled
Heap:
 garbage-first heap   total 204800K, used 114222K [0x00000000c0000000, 0x0000000100000000)
  region size 1024K, 26 young (26624K), 5 survivors (5120K)
 Metaspace       used 67501K, committed 67968K, reserved 1114112K
  class space    used 7318K, committed 7552K, reserved 1048576K
GC Heap History (20 events):
Event: 20.682 GC heap before
{Heap before GC invocations=15 (full 0):
 garbage-first heap   total 99328K, used 53759K [0x00000000c0000000, 0x0000000100000000)
  region size 1024K, 5 young (5120K), 4 survivors (4096K)
 Metaspace       used 38885K, committed 39168K, reserved 1114112K
  class space    used 4763K, committed 4864K, reserved 1048576K
}
Event: 20.690 GC heap after
{Heap after GC invocations=16 (full 0):
 garbage-first heap   total 99328K, used 52907K [0x00000000c0000000, 0x0000000100000000)
  region size 1024K, 1 young (1024K), 1 survivors (1024K)
 Metaspace       used 38885K, committed 39168K, reserved 1114112K
  class space    used 4763K, committed 4864K, reserved 1048576K
}
Event: 20.943 GC heap before
{Heap before GC invocations=16 (full 0):
 garbage-first heap   total 99328K, used 75435K [0x00000000c0000000, 0x0000000100000000)
  region size 1024K, 23 young (23552K), 1 survivors (1024K)
 Metaspace       used 38987K, committed 39232K, reserved 1114112K
  class space    used 4763K, committed 4864K, reserved 1048576K
}
Event: 20.983 GC heap after
{Heap after GC invocations=17 (full 0):
 garbage-first heap   total 99328K, used 54843K [0x00000000c0000000, 0x0000000100000000)
  region size 1024K, 3 young (3072K), 3 survivors (3072K)
 Metaspace       used 38987K, committed 39232K, reserved 1114112K
  class space    used 4763K, committed 4864K, reserved 1048576K
}
Event: 24.489 GC heap before
{Heap before GC invocations=18 (full 0):
 garbage-first heap   total 99328K, used 75323K [0x00000000c0000000, 0x0000000100000000)
  region size 1024K, 24 young (24576K), 3 survivors (3072K)
 Metaspace       used 44322K, committed 44608K, reserved 1114112K
  class space    used 5429K, committed 5568K, reserved 1048576K
}
Event: 24.503 GC heap after
{Heap after GC invocations=19 (full 0):
 garbage-first heap   total 99328K, used 56731K [0x00000000c0000000, 0x0000000100000000)
  region size 1024K, 2 young (2048K), 2 survivors (2048K)
 Metaspace       used 44322K, committed 44608K, reserved 1114112K
  class space    used 5429K, committed 5568K, reserved 1048576K
}
Event: 24.898 GC heap before
{Heap before GC invocations=19 (full 0):
 garbage-first heap   total 99328K, used 57755K [0x00000000c0000000, 0x0000000100000000)
  region size 1024K, 4 young (4096K), 2 survivors (2048K)
 Metaspace       used 44480K, committed 44800K, reserved 1114112K
  class space    used 5437K, committed 5632K, reserved 1048576K
}
Event: 24.924 GC heap after
{Heap after GC invocations=20 (full 0):
 garbage-first heap   total 99328K, used 56611K [0x00000000c0000000, 0x0000000100000000)
  region size 1024K, 1 young (1024K), 1 survivors (1024K)
 Metaspace       used 44480K, committed 44800K, reserved 1114112K
  class space    used 5437K, committed 5632K, reserved 1048576K
}
Event: 28.022 GC heap before
{Heap before GC invocations=20 (full 0):
 garbage-first heap   total 99328K, used 77091K [0x00000000c0000000, 0x0000000100000000)
  region size 1024K, 22 young (22528K), 1 survivors (1024K)
 Metaspace       used 46877K, committed 47232K, reserved 1114112K
  class space    used 5650K, committed 5824K, reserved 1048576K
}
Event: 28.044 GC heap after
{Heap after GC invocations=21 (full 0):
 garbage-first heap   total 263168K, used 61168K [0x00000000c0000000, 0x0000000100000000)
  region size 1024K, 3 young (3072K), 3 survivors (3072K)
 Metaspace       used 46877K, committed 47232K, reserved 1114112K
  class space    used 5650K, committed 5824K, reserved 1048576K
}
Event: 48.323 GC heap before
{Heap before GC invocations=22 (full 0):
 garbage-first heap   total 204800K, used 174832K [0x00000000c0000000, 0x0000000100000000)
  region size 1024K, 115 young (117760K), 3 survivors (3072K)
 Metaspace       used 54055K, committed 54400K, reserved 1114112K
  class space    used 6160K, committed 6336K, reserved 1048576K
}
Event: 48.390 GC heap after
{Heap after GC invocations=23 (full 0):
 garbage-first heap   total 204800K, used 74735K [0x00000000c0000000, 0x0000000100000000)
  region size 1024K, 15 young (15360K), 15 survivors (15360K)
 Metaspace       used 54055K, committed 54400K, reserved 1114112K
  class space    used 6160K, committed 6336K, reserved 1048576K
}
Event: 48.748 GC heap before
{Heap before GC invocations=23 (full 0):
 garbage-first heap   total 204800K, used 75759K [0x00000000c0000000, 0x0000000100000000)
  region size 1024K, 16 young (16384K), 15 survivors (15360K)
 Metaspace       used 54093K, committed 54464K, reserved 1114112K
  class space    used 6160K, committed 6336K, reserved 1048576K
}
Event: 48.802 GC heap after
{Heap after GC invocations=24 (full 0):
 garbage-first heap   total 204800K, used 74704K [0x00000000c0000000, 0x0000000100000000)
  region size 1024K, 2 young (2048K), 2 survivors (2048K)
 Metaspace       used 54093K, committed 54464K, reserved 1114112K
  class space    used 6160K, committed 6336K, reserved 1048576K
}
Event: 61.946 GC heap before
{Heap before GC invocations=24 (full 0):
 garbage-first heap   total 204800K, used 149456K [0x00000000c0000000, 0x0000000100000000)
  region size 1024K, 73 young (74752K), 2 survivors (2048K)
 Metaspace       used 55112K, committed 55488K, reserved 1114112K
  class space    used 6203K, committed 6400K, reserved 1048576K
}
Event: 61.998 GC heap after
{Heap after GC invocations=25 (full 0):
 garbage-first heap   total 204800K, used 83373K [0x00000000c0000000, 0x0000000100000000)
  region size 1024K, 8 young (8192K), 8 survivors (8192K)
 Metaspace       used 55112K, committed 55488K, reserved 1114112K
  class space    used 6203K, committed 6400K, reserved 1048576K
}
Event: 73.788 GC heap before
{Heap before GC invocations=25 (full 0):
 garbage-first heap   total 204800K, used 153005K [0x00000000c0000000, 0x0000000100000000)
  region size 1024K, 76 young (77824K), 8 survivors (8192K)
 Metaspace       used 55840K, committed 56256K, reserved 1114112K
  class space    used 6256K, committed 6464K, reserved 1048576K
}
Event: 73.836 GC heap after
{Heap after GC invocations=26 (full 0):
 garbage-first heap   total 204800K, used 89599K [0x00000000c0000000, 0x0000000100000000)
  region size 1024K, 6 young (6144K), 6 survivors (6144K)
 Metaspace       used 55840K, committed 56256K, reserved 1114112K
  class space    used 6256K, committed 6464K, reserved 1048576K
}
Event: 83.411 GC heap before
{Heap before GC invocations=26 (full 0):
 garbage-first heap   total 204800K, used 158207K [0x00000000c0000000, 0x0000000100000000)
  region size 1024K, 73 young (74752K), 6 survivors (6144K)
 Metaspace       used 63295K, committed 63744K, reserved 1114112K
  class space    used 6939K, committed 7168K, reserved 1048576K
}
Event: 83.431 GC heap after
{Heap after GC invocations=27 (full 0):
 garbage-first heap   total 204800K, used 93742K [0x00000000c0000000, 0x0000000100000000)
  region size 1024K, 5 young (5120K), 5 survivors (5120K)
 Metaspace       used 63295K, committed 63744K, reserved 1114112K
  class space    used 6939K, committed 7168K, reserved 1048576K
}

