# JRE version: OpenJDK Runtime Environment Temurin-17.0.16+8 (17.0.16+8) (build 17.0.16+8)
# Java VM: OpenJDK 64-Bit Server VM Temurin-17.0.16+8 (17.0.16+8, mixed mode, sharing, tiered, compressed oops, compressed class ptrs, g1 gc, windows-amd64)
GC Precious Log:
 CPUs: 3 total, 3 available
 Memory: 4095M
 Large Page Support: Disabled
 NUMA Support: Disabled
 Compressed Oops: Enabled (Zero based)
 Heap Region Size: 4M
 Heap Min Capacity: 8M
 Heap Initial Capacity: 64M
 Heap Max Capacity: 8G
 Pre-touch: Disabled
 Parallel Workers: 3
 Concurrent Workers: 1
 Concurrent Refinement Workers: 3
 Periodic GC: Disabled
Heap:
 garbage-first heap   total 888832K, used 214413K [0x0000000600000000, 0x0000000800000000)
  region size 4096K, 6 young (24576K), 6 survivors (24576K)
 Metaspace       used 148590K, committed 149504K, reserved 1179648K
  class space    used 18532K, committed 18944K, reserved 1048576K
GC Heap History (20 events):
Event: 185.238 GC heap after
{Heap after GC invocations=91 (full 0):
 garbage-first heap   total 733184K, used 150276K [0x0000000600000000, 0x0000000800000000)
  region size 4096K, 5 young (20480K), 5 survivors (20480K)
 Metaspace       used 136486K, committed 137280K, reserved 1179648K
  class space    used 17321K, committed 17664K, reserved 1048576K
}
Event: 188.095 GC heap before
{Heap before GC invocations=91 (full 0):
 garbage-first heap   total 733184K, used 568068K [0x0000000600000000, 0x0000000800000000)
  region size 4096K, 107 young (438272K), 5 survivors (20480K)
 Metaspace       used 136503K, committed 137280K, reserved 1179648K
  class space    used 17321K, committed 17664K, reserved 1048576K
}
Event: 188.146 GC heap after
{Heap after GC invocations=92 (full 0):
 garbage-first heap   total 733184K, used 151628K [0x0000000600000000, 0x0000000800000000)
  region size 4096K, 5 young (20480K), 5 survivors (20480K)
 Metaspace       used 136503K, committed 137280K, reserved 1179648K
  class space    used 17321K, committed 17664K, reserved 1048576K
}
Event: 189.598 GC heap before
{Heap before GC invocations=92 (full 0):
 garbage-first heap   total 733184K, used 569420K [0x0000000600000000, 0x0000000800000000)
  region size 4096K, 107 young (438272K), 5 survivors (20480K)
 Metaspace       used 136503K, committed 137280K, reserved 1179648K
  class space    used 17321K, committed 17664K, reserved 1048576K
}
Event: 189.648 GC heap after
{Heap after GC invocations=93 (full 0):
 garbage-first heap   total 733184K, used 152946K [0x0000000600000000, 0x0000000800000000)
  region size 4096K, 4 young (16384K), 4 survivors (16384K)
 Metaspace       used 136503K, committed 137280K, reserved 1179648K
  class space    used 17321K, committed 17664K, reserved 1048576K
}
Event: 191.659 GC heap before
{Heap before GC invocations=93 (full 0):
 garbage-first heap   total 733184K, used 574834K [0x0000000600000000, 0x0000000800000000)
  region size 4096K, 107 young (438272K), 4 survivors (16384K)
 Metaspace       used 136503K, committed 137280K, reserved 1179648K
  class space    used 17321K, committed 17664K, reserved 1048576K
}
Event: 191.683 GC heap after
{Heap after GC invocations=94 (full 0):
 garbage-first heap   total 733184K, used 155132K [0x0000000600000000, 0x0000000800000000)
  region size 4096K, 4 young (16384K), 4 survivors (16384K)
 Metaspace       used 136503K, committed 137280K, reserved 1179648K
  class space    used 17321K, committed 17664K, reserved 1048576K
}
Event: 221.654 GC heap before
{Heap before GC invocations=94 (full 0):
 garbage-first heap   total 733184K, used 581116K [0x0000000600000000, 0x0000000800000000)
  region size 4096K, 107 young (438272K), 4 survivors (16384K)
 Metaspace       used 144317K, committed 145152K, reserved 1179648K
  class space    used 18220K, committed 18624K, reserved 1048576K
}
Event: 221.691 GC heap after
{Heap after GC invocations=95 (full 0):
 garbage-first heap   total 733184K, used 165885K [0x0000000600000000, 0x0000000800000000)
  region size 4096K, 7 young (28672K), 7 survivors (28672K)
 Metaspace       used 144317K, committed 145152K, reserved 1179648K
  class space    used 18220K, committed 18624K, reserved 1048576K
}
Event: 223.374 GC heap before
{Heap before GC invocations=95 (full 0):
 garbage-first heap   total 733184K, used 571389K [0x0000000600000000, 0x0000000800000000)
  region size 4096K, 107 young (438272K), 7 survivors (28672K)
 Metaspace       used 146379K, committed 147328K, reserved 1179648K
  class space    used 18333K, committed 18752K, reserved 1048576K
}
Event: 223.465 GC heap after
{Heap after GC invocations=96 (full 0):
 garbage-first heap   total 733184K, used 196307K [0x0000000600000000, 0x0000000800000000)
  region size 4096K, 14 young (57344K), 14 survivors (57344K)
 Metaspace       used 146379K, committed 147328K, reserved 1179648K
  class space    used 18333K, committed 18752K, reserved 1048576K
}
Event: 224.876 GC heap before
{Heap before GC invocations=96 (full 0):
 garbage-first heap   total 733184K, used 573139K [0x0000000600000000, 0x0000000800000000)
  region size 4096K, 107 young (438272K), 14 survivors (57344K)
 Metaspace       used 148444K, committed 149376K, reserved 1179648K
  class space    used 18530K, committed 18944K, reserved 1048576K
}
Event: 225.047 GC heap after
{Heap after GC invocations=97 (full 0):
 garbage-first heap   total 888832K, used 202125K [0x0000000600000000, 0x0000000800000000)
  region size 4096K, 3 young (12288K), 3 survivors (12288K)
 Metaspace       used 148444K, committed 149376K, reserved 1179648K
  class space    used 18530K, committed 18944K, reserved 1048576K
}
Event: 226.898 GC heap before
{Heap before GC invocations=97 (full 0):
 garbage-first heap   total 888832K, used 714125K [0x0000000600000000, 0x0000000800000000)
  region size 4096K, 129 young (528384K), 3 survivors (12288K)
 Metaspace       used 148555K, committed 149440K, reserved 1179648K
  class space    used 18531K, committed 18944K, reserved 1048576K
}
Event: 226.940 GC heap after
{Heap after GC invocations=98 (full 0):
 garbage-first heap   total 888832K, used 196307K [0x0000000600000000, 0x0000000800000000)
  region size 4096K, 2 young (8192K), 2 survivors (8192K)
 Metaspace       used 148555K, committed 149440K, reserved 1179648K
  class space    used 18531K, committed 18944K, reserved 1048576K
}
Event: 228.005 GC heap before
{Heap before GC invocations=98 (full 0):
 garbage-first heap   total 888832K, used 720595K [0x0000000600000000, 0x0000000800000000)
  region size 4096K, 130 young (532480K), 2 survivors (8192K)
 Metaspace       used 148576K, committed 149504K, reserved 1179648K
  class space    used 18532K, committed 18944K, reserved 1048576K
}
Event: 228.056 GC heap after
{Heap after GC invocations=99 (full 0):
 garbage-first heap   total 888832K, used 204924K [0x0000000600000000, 0x0000000800000000)
  region size 4096K, 4 young (16384K), 4 survivors (16384K)
 Metaspace       used 148576K, committed 149504K, reserved 1179648K
  class space    used 18532K, committed 18944K, reserved 1048576K
}
Event: 228.993 GC heap before
{Heap before GC invocations=99 (full 0):
 garbage-first heap   total 888832K, used 721020K [0x0000000600000000, 0x0000000800000000)
  region size 4096K, 130 young (532480K), 4 survivors (16384K)
 Metaspace       used 148589K, committed 149504K, reserved 1179648K
  class space    used 18532K, committed 18944K, reserved 1048576K
}
Event: 229.046 GC heap after
{Heap after GC invocations=100 (full 0):
 garbage-first heap   total 888832K, used 213280K [0x0000000600000000, 0x0000000800000000)
  region size 4096K, 6 young (24576K), 6 survivors (24576K)
 Metaspace       used 148589K, committed 149504K, reserved 1179648K
  class space    used 18532K, committed 18944K, reserved 1048576K
}
Event: 229.773 GC heap before
{Heap before GC invocations=100 (full 0):
 garbage-first heap   total 888832K, used 721184K [0x0000000600000000, 0x0000000800000000)
  region size 4096K, 130 young (532480K), 6 survivors (24576K)
 Metaspace       used 148590K, committed 149504K, reserved 1179648K
  class space    used 18532K, committed 18944K, reserved 1048576K
}

