# JRE version: OpenJDK Runtime Environment Temurin-17.0.16+8 (17.0.16+8) (build 17.0.16+8)
# Java VM: OpenJDK 64-Bit Server VM Temurin-17.0.16+8 (17.0.16+8, mixed mode, sharing, tiered, compressed oops, compressed class ptrs, g1 gc, windows-amd64)
GC Precious Log:
 CPUs: 3 total, 3 available
 Memory: 4095M
 Large Page Support: Disabled
 NUMA Support: Disabled
 Compressed Oops: Enabled (Zero based)
 Heap Region Size: 4M
 Heap Min Capacity: 8M
 Heap Initial Capacity: 64M
 Heap Max Capacity: 8G
 Pre-touch: Disabled
 Parallel Workers: 3
 Concurrent Workers: 1
 Concurrent Refinement Workers: 3
 Periodic GC: Disabled
Heap:
 garbage-first heap   total 806912K, used 483318K [0x0000000600000000, 0x0000000800000000)
  region size 4096K, 66 young (270336K), 2 survivors (8192K)
 Metaspace       used 90716K, committed 91520K, reserved 1179648K
  class space    used 12027K, committed 12416K, reserved 1048576K
GC Heap History (20 events):
Event: 105.665 GC heap before
{Heap before GC invocations=81 (full 0):
 garbage-first heap   total 663552K, used 508477K [0x0000000600000000, 0x0000000800000000)
  region size 4096K, 97 young (397312K), 5 survivors (20480K)
 Metaspace       used 70928K, committed 71616K, reserved 1114112K
  class space    used 9863K, committed 10176K, reserved 1048576K
}
Event: 105.707 GC heap after
{Heap after GC invocations=82 (full 0):
 garbage-first heap   total 663552K, used 137929K [0x0000000600000000, 0x0000000800000000)
  region size 4096K, 6 young (24576K), 6 survivors (24576K)
 Metaspace       used 70928K, committed 71616K, reserved 1114112K
  class space    used 9863K, committed 10176K, reserved 1048576K
}
Event: 108.308 GC heap before
{Heap before GC invocations=82 (full 0):
 garbage-first heap   total 663552K, used 510665K [0x0000000600000000, 0x0000000800000000)
  region size 4096K, 97 young (397312K), 6 survivors (24576K)
 Metaspace       used 70936K, committed 71616K, reserved 1114112K
  class space    used 9865K, committed 10176K, reserved 1048576K
}
Event: 108.334 GC heap after
{Heap after GC invocations=83 (full 0):
 garbage-first heap   total 663552K, used 142843K [0x0000000600000000, 0x0000000800000000)
  region size 4096K, 7 young (28672K), 7 survivors (28672K)
 Metaspace       used 70936K, committed 71616K, reserved 1114112K
  class space    used 9865K, committed 10176K, reserved 1048576K
}
Event: 111.794 GC heap before
{Heap before GC invocations=83 (full 0):
 garbage-first heap   total 663552K, used 511483K [0x0000000600000000, 0x0000000800000000)
  region size 4096K, 97 young (397312K), 7 survivors (28672K)
 Metaspace       used 70995K, committed 71680K, reserved 1114112K
  class space    used 9869K, committed 10176K, reserved 1048576K
}
Event: 111.822 GC heap after
{Heap after GC invocations=84 (full 0):
 garbage-first heap   total 663552K, used 138747K [0x0000000600000000, 0x0000000800000000)
  region size 4096K, 8 young (32768K), 8 survivors (32768K)
 Metaspace       used 70995K, committed 71680K, reserved 1114112K
  class space    used 9869K, committed 10176K, reserved 1048576K
}
Event: 223.943 GC heap before
{Heap before GC invocations=84 (full 0):
 garbage-first heap   total 663552K, used 503291K [0x0000000600000000, 0x0000000800000000)
  region size 4096K, 97 young (397312K), 8 survivors (32768K)
 Metaspace       used 85127K, committed 85952K, reserved 1179648K
  class space    used 11663K, committed 12032K, reserved 1048576K
}
Event: 224.057 GC heap after
{Heap after GC invocations=85 (full 0):
 garbage-first heap   total 663552K, used 145828K [0x0000000600000000, 0x0000000800000000)
  region size 4096K, 8 young (32768K), 8 survivors (32768K)
 Metaspace       used 85127K, committed 85952K, reserved 1179648K
  class space    used 11663K, committed 12032K, reserved 1048576K
}
Event: 858.701 GC heap before
{Heap before GC invocations=85 (full 0):
 garbage-first heap   total 663552K, used 510372K [0x0000000600000000, 0x0000000800000000)
  region size 4096K, 97 young (397312K), 8 survivors (32768K)
 Metaspace       used 89298K, committed 90176K, reserved 1179648K
  class space    used 11879K, committed 12288K, reserved 1048576K
}
Event: 858.817 GC heap after
{Heap after GC invocations=86 (full 0):
 garbage-first heap   total 663552K, used 157015K [0x0000000600000000, 0x0000000800000000)
  region size 4096K, 10 young (40960K), 10 survivors (40960K)
 Metaspace       used 89298K, committed 90176K, reserved 1179648K
  class space    used 11879K, committed 12288K, reserved 1048576K
}
Event: 865.216 GC heap before
{Heap before GC invocations=86 (full 0):
 garbage-first heap   total 663552K, used 509271K [0x0000000600000000, 0x0000000800000000)
  region size 4096K, 97 young (397312K), 10 survivors (40960K)
 Metaspace       used 89594K, committed 90496K, reserved 1179648K
  class space    used 11909K, committed 12352K, reserved 1048576K
}
Event: 865.311 GC heap after
{Heap after GC invocations=87 (full 0):
 garbage-first heap   total 663552K, used 170359K [0x0000000600000000, 0x0000000800000000)
  region size 4096K, 9 young (36864K), 9 survivors (36864K)
 Metaspace       used 89594K, committed 90496K, reserved 1179648K
  class space    used 11909K, committed 12352K, reserved 1048576K
}
Event: 866.856 GC heap before
{Heap before GC invocations=87 (full 0):
 garbage-first heap   total 663552K, used 526711K [0x0000000600000000, 0x0000000800000000)
  region size 4096K, 97 young (397312K), 9 survivors (36864K)
 Metaspace       used 89636K, committed 90496K, reserved 1179648K
  class space    used 11909K, committed 12352K, reserved 1048576K
}
Event: 866.932 GC heap after
{Heap after GC invocations=88 (full 0):
 garbage-first heap   total 663552K, used 180583K [0x0000000600000000, 0x0000000800000000)
  region size 4096K, 9 young (36864K), 9 survivors (36864K)
 Metaspace       used 89636K, committed 90496K, reserved 1179648K
  class space    used 11909K, committed 12352K, reserved 1048576K
}
Event: 869.718 GC heap before
{Heap before GC invocations=88 (full 0):
 garbage-first heap   total 663552K, used 541031K [0x0000000600000000, 0x0000000800000000)
  region size 4096K, 97 young (397312K), 9 survivors (36864K)
 Metaspace       used 89696K, committed 90560K, reserved 1179648K
  class space    used 11909K, committed 12352K, reserved 1048576K
}
Event: 869.794 GC heap after
{Heap after GC invocations=89 (full 0):
 garbage-first heap   total 663552K, used 188620K [0x0000000600000000, 0x0000000800000000)
  region size 4096K, 8 young (32768K), 8 survivors (32768K)
 Metaspace       used 89696K, committed 90560K, reserved 1179648K
  class space    used 11909K, committed 12352K, reserved 1048576K
}
Event: 874.296 GC heap before
{Heap before GC invocations=89 (full 0):
 garbage-first heap   total 663552K, used 549068K [0x0000000600000000, 0x0000000800000000)
  region size 4096K, 97 young (397312K), 8 survivors (32768K)
 Metaspace       used 90672K, committed 91456K, reserved 1179648K
  class space    used 12025K, committed 12416K, reserved 1048576K
}
Event: 874.413 GC heap after
{Heap after GC invocations=90 (full 0):
 garbage-first heap   total 663552K, used 219775K [0x0000000600000000, 0x0000000800000000)
  region size 4096K, 13 young (53248K), 13 survivors (53248K)
 Metaspace       used 90672K, committed 91456K, reserved 1179648K
  class space    used 12025K, committed 12416K, reserved 1048576K
}
Event: 876.443 GC heap before
{Heap before GC invocations=90 (full 0):
 garbage-first heap   total 663552K, used 535167K [0x0000000600000000, 0x0000000800000000)
  region size 4096K, 90 young (368640K), 13 survivors (53248K)
 Metaspace       used 90712K, committed 91520K, reserved 1179648K
  class space    used 12027K, committed 12416K, reserved 1048576K
}
Event: 876.524 GC heap after
{Heap after GC invocations=91 (full 0):
 garbage-first heap   total 806912K, used 225270K [0x0000000600000000, 0x0000000800000000)
  region size 4096K, 2 young (8192K), 2 survivors (8192K)
 Metaspace       used 90712K, committed 91520K, reserved 1179648K
  class space    used 12027K, committed 12416K, reserved 1048576K
}

